This is pdfTeX, Version 3.141592653-2.6-1.40.24 (MiKTeX 22.10) (preloaded format=pdflatex 2023.10.10)  16 DEC 2023 05:58
entering extended mode
 restricted \write18 enabled.
 %&-line parsing enabled.
**./Project3.tex
(Project3.tex
LaTeX2e <2023-06-01> patch level 1
L3 programming layer <2023-08-29>
(C:\Users\CAU Student\AppData\Local\Programs\MiKTeX\tex/latex/base\article.cls
Document Class: article 2023/05/17 v1.4n Standard LaTeX document class
(C:\Users\CAU Student\AppData\Local\Programs\MiKTeX\tex/latex/base\size10.clo
File: size10.clo 2023/05/17 v1.4n Standard LaTeX file (size option)
)
\c@part=\count185
\c@section=\count186
\c@subsection=\count187
\c@subsubsection=\count188
\c@paragraph=\count189
\c@subparagraph=\count190
\c@figure=\count191
\c@table=\count192
\abovecaptionskip=\skip48
\belowcaptionskip=\skip49
\bibindent=\dimen140
)
(C:\Users\CAU Student\AppData\Local\Programs\MiKTeX\tex/latex/amsmath\amsmath.s
ty
Package: amsmath 2023/05/13 v2.17o AMS math features
\@mathmargin=\skip50
For additional information on amsmath, use the `?' option.

(C:\Users\CAU Student\AppData\Local\Programs\MiKTeX\tex/latex/amsmath\amstext.s
ty
Package: amstext 2021/08/26 v2.01 AMS text

(C:\Users\CAU Student\AppData\Local\Programs\MiKTeX\tex/latex/amsmath\amsgen.st
y
File: amsgen.sty 1999/11/30 v2.0 generic functions
\@emptytoks=\toks17
\ex@=\dimen141
))
(C:\Users\CAU Student\AppData\Local\Programs\MiKTeX\tex/latex/amsmath\amsbsy.st
y
Package: amsbsy 1999/11/29 v1.2d Bold Symbols
\pmbraise@=\dimen142
)
(C:\Users\CAU Student\AppData\Local\Programs\MiKTeX\tex/latex/amsmath\amsopn.st
y
Package: amsopn 2022/04/08 v2.04 operator names
)
\inf@bad=\count193
LaTeX Info: Redefining \frac on input line 234.
\uproot@=\count194
\leftroot@=\count195
LaTeX Info: Redefining \overline on input line 399.
LaTeX Info: Redefining \colon on input line 410.
\classnum@=\count196
\DOTSCASE@=\count197
LaTeX Info: Redefining \ldots on input line 496.
LaTeX Info: Redefining \dots on input line 499.
LaTeX Info: Redefining \cdots on input line 620.
\Mathstrutbox@=\box51
\strutbox@=\box52
LaTeX Info: Redefining \big on input line 722.
LaTeX Info: Redefining \Big on input line 723.
LaTeX Info: Redefining \bigg on input line 724.
LaTeX Info: Redefining \Bigg on input line 725.
\big@size=\dimen143
LaTeX Font Info:    Redeclaring font encoding OML on input line 743.
LaTeX Font Info:    Redeclaring font encoding OMS on input line 744.
\macc@depth=\count198
LaTeX Info: Redefining \bmod on input line 905.
LaTeX Info: Redefining \pmod on input line 910.
LaTeX Info: Redefining \smash on input line 940.
LaTeX Info: Redefining \relbar on input line 970.
LaTeX Info: Redefining \Relbar on input line 971.
\c@MaxMatrixCols=\count199
\dotsspace@=\muskip16
\c@parentequation=\count266
\dspbrk@lvl=\count267
\tag@help=\toks18
\row@=\count268
\column@=\count269
\maxfields@=\count270
\andhelp@=\toks19
\eqnshift@=\dimen144
\alignsep@=\dimen145
\tagshift@=\dimen146
\tagwidth@=\dimen147
\totwidth@=\dimen148
\lineht@=\dimen149
\@envbody=\toks20
\multlinegap=\skip51
\multlinetaggap=\skip52
\mathdisplay@stack=\toks21
LaTeX Info: Redefining \[ on input line 2953.
LaTeX Info: Redefining \] on input line 2954.
)
(C:\Users\CAU Student\AppData\Local\Programs\MiKTeX\tex/latex/amsfonts\amssymb.
sty
Package: amssymb 2013/01/14 v3.01 AMS font symbols

(C:\Users\CAU Student\AppData\Local\Programs\MiKTeX\tex/latex/amsfonts\amsfonts
.sty
Package: amsfonts 2013/01/14 v3.01 Basic AMSFonts support
\symAMSa=\mathgroup4
\symAMSb=\mathgroup5
LaTeX Font Info:    Redeclaring math symbol \hbar on input line 98.
LaTeX Font Info:    Overwriting math alphabet `\mathfrak' in version `bold'
(Font)                  U/euf/m/n --> U/euf/b/n on input line 106.
))
(C:\Users\CAU Student\AppData\Local\Programs\MiKTeX\tex/generic/iftex\iftex.sty
Package: iftex 2022/02/03 v1.0f TeX engine tests
) (C:\Users\CAU Student\AppData\Local\Programs\MiKTeX\tex/latex/base\fontenc.st
y
Package: fontenc 2021/04/29 v2.0v Standard LaTeX package
)
(C:\Users\CAU Student\AppData\Local\Programs\MiKTeX\tex/latex/base\inputenc.sty
Package: inputenc 2021/02/14 v1.3d Input encoding file
\inpenc@prehook=\toks22
\inpenc@posthook=\toks23
)
(C:\Users\CAU Student\AppData\Local\Programs\MiKTeX\tex/latex/base\textcomp.sty
Package: textcomp 2020/02/02 v2.0n Standard LaTeX package
) (C:\Users\CAU Student\AppData\Local\Programs\MiKTeX\tex/latex/lm\lmodern.sty
Package: lmodern 2015/05/01 v1.6.1 Latin Modern Fonts
LaTeX Font Info:    Overwriting symbol font `operators' in version `normal'
(Font)                  OT1/cmr/m/n --> OT1/lmr/m/n on input line 22.
LaTeX Font Info:    Overwriting symbol font `letters' in version `normal'
(Font)                  OML/cmm/m/it --> OML/lmm/m/it on input line 23.
LaTeX Font Info:    Overwriting symbol font `symbols' in version `normal'
(Font)                  OMS/cmsy/m/n --> OMS/lmsy/m/n on input line 24.
LaTeX Font Info:    Overwriting symbol font `largesymbols' in version `normal'
(Font)                  OMX/cmex/m/n --> OMX/lmex/m/n on input line 25.
LaTeX Font Info:    Overwriting symbol font `operators' in version `bold'
(Font)                  OT1/cmr/bx/n --> OT1/lmr/bx/n on input line 26.
LaTeX Font Info:    Overwriting symbol font `letters' in version `bold'
(Font)                  OML/cmm/b/it --> OML/lmm/b/it on input line 27.
LaTeX Font Info:    Overwriting symbol font `symbols' in version `bold'
(Font)                  OMS/cmsy/b/n --> OMS/lmsy/b/n on input line 28.
LaTeX Font Info:    Overwriting symbol font `largesymbols' in version `bold'
(Font)                  OMX/cmex/m/n --> OMX/lmex/m/n on input line 29.
LaTeX Font Info:    Overwriting math alphabet `\mathbf' in version `normal'
(Font)                  OT1/cmr/bx/n --> OT1/lmr/bx/n on input line 31.
LaTeX Font Info:    Overwriting math alphabet `\mathsf' in version `normal'
(Font)                  OT1/cmss/m/n --> OT1/lmss/m/n on input line 32.
LaTeX Font Info:    Overwriting math alphabet `\mathit' in version `normal'
(Font)                  OT1/cmr/m/it --> OT1/lmr/m/it on input line 33.
LaTeX Font Info:    Overwriting math alphabet `\mathtt' in version `normal'
(Font)                  OT1/cmtt/m/n --> OT1/lmtt/m/n on input line 34.
LaTeX Font Info:    Overwriting math alphabet `\mathbf' in version `bold'
(Font)                  OT1/cmr/bx/n --> OT1/lmr/bx/n on input line 35.
LaTeX Font Info:    Overwriting math alphabet `\mathsf' in version `bold'
(Font)                  OT1/cmss/bx/n --> OT1/lmss/bx/n on input line 36.
LaTeX Font Info:    Overwriting math alphabet `\mathit' in version `bold'
(Font)                  OT1/cmr/bx/it --> OT1/lmr/bx/it on input line 37.
LaTeX Font Info:    Overwriting math alphabet `\mathtt' in version `bold'
(Font)                  OT1/cmtt/m/n --> OT1/lmtt/m/n on input line 38.
)
(C:\Users\CAU Student\AppData\Local\Programs\MiKTeX\tex/latex/upquote\upquote.s
ty
Package: upquote 2012/04/19 v1.3 upright-quote and grave-accent glyphs in verba
tim
)
(C:\Users\CAU Student\AppData\Local\Programs\MiKTeX\tex/latex/microtype\microty
pe.sty
Package: microtype 2023/03/13 v3.1a Micro-typographical refinements (RS)

(C:\Users\CAU Student\AppData\Local\Programs\MiKTeX\tex/latex/graphics\keyval.s
ty
Package: keyval 2022/05/29 v1.15 key=value parser (DPC)
\KV@toks@=\toks24
)
(C:\Users\CAU Student\AppData\Local\Programs\MiKTeX\tex/latex/etoolbox\etoolbox
.sty
Package: etoolbox 2020/10/05 v2.5k e-TeX tools for LaTeX (JAW)
\etb@tempcnta=\count271
)
\MT@toks=\toks25
\MT@tempbox=\box53
\MT@count=\count272
LaTeX Info: Redefining \noprotrusionifhmode on input line 1059.
LaTeX Info: Redefining \leftprotrusion on input line 1060.
\MT@prot@toks=\toks26
LaTeX Info: Redefining \rightprotrusion on input line 1078.
LaTeX Info: Redefining \textls on input line 1368.
\MT@outer@kern=\dimen150
LaTeX Info: Redefining \textmicrotypecontext on input line 1988.
\MT@listname@count=\count273

(C:\Users\CAU Student\AppData\Local\Programs\MiKTeX\tex/latex/microtype\microty
pe-pdftex.def
File: microtype-pdftex.def 2023/03/13 v3.1a Definitions specific to pdftex (RS)

LaTeX Info: Redefining \lsstyle on input line 902.
LaTeX Info: Redefining \lslig on input line 902.
\MT@outer@space=\skip53
)
Package microtype Info: Loading configuration file microtype.cfg.

(C:\Users\CAU Student\AppData\Local\Programs\MiKTeX\tex/latex/microtype\microty
pe.cfg
File: microtype.cfg 2023/03/13 v3.1a microtype main configuration file (RS)
))
(C:\Users\CAU Student\AppData\Local\Programs\MiKTeX\tex/latex/parskip\parskip.s
ty
Package: parskip 2021-03-14 v2.0h non-zero parskip adjustments

(C:\Users\CAU Student\AppData\Local\Programs\MiKTeX\tex/latex/kvoptions\kvoptio
ns.sty
Package: kvoptions 2022-06-15 v3.15 Key value format for package options (HO)

(C:\Users\CAU Student\AppData\Local\Programs\MiKTeX\tex/generic/ltxcmds\ltxcmds
.sty
Package: ltxcmds 2020-05-10 v1.25 LaTeX kernel commands for general use (HO)
)
(C:\Users\CAU Student\AppData\Local\Programs\MiKTeX\tex/latex/kvsetkeys\kvsetke
ys.sty
Package: kvsetkeys 2022-10-05 v1.19 Key value parser (HO)
)))
(C:\Users\CAU Student\AppData\Local\Programs\MiKTeX\tex/latex/xcolor\xcolor.sty
Package: xcolor 2022/06/12 v2.14 LaTeX color extensions (UK)

(C:\Users\CAU Student\AppData\Local\Programs\MiKTeX\tex/latex/graphics-cfg\colo
r.cfg
File: color.cfg 2016/01/02 v1.6 sample color configuration
)
Package xcolor Info: Driver file: pdftex.def on input line 227.

(C:\Users\CAU Student\AppData\Local\Programs\MiKTeX\tex/latex/graphics-def\pdft
ex.def
File: pdftex.def 2022/09/22 v1.2b Graphics/color driver for pdftex
)
(C:\Users\CAU Student\AppData\Local\Programs\MiKTeX\tex/latex/graphics\mathcolo
r.ltx)
Package xcolor Info: Model `cmy' substituted by `cmy0' on input line 1353.
Package xcolor Info: Model `hsb' substituted by `rgb' on input line 1357.
Package xcolor Info: Model `RGB' extended on input line 1369.
Package xcolor Info: Model `HTML' substituted by `rgb' on input line 1371.
Package xcolor Info: Model `Hsb' substituted by `hsb' on input line 1372.
Package xcolor Info: Model `tHsb' substituted by `hsb' on input line 1373.
Package xcolor Info: Model `HSB' substituted by `hsb' on input line 1374.
Package xcolor Info: Model `Gray' substituted by `gray' on input line 1375.
Package xcolor Info: Model `wave' substituted by `hsb' on input line 1376.
)
(C:\Users\CAU Student\AppData\Local\Programs\MiKTeX\tex/latex/geometry\geometry
.sty
Package: geometry 2020/01/02 v5.9 Page Geometry

(C:\Users\CAU Student\AppData\Local\Programs\MiKTeX\tex/generic/iftex\ifvtex.st
y
Package: ifvtex 2019/10/25 v1.7 ifvtex legacy package. Use iftex instead.
)
\Gm@cnth=\count274
\Gm@cntv=\count275
\c@Gm@tempcnt=\count276
\Gm@bindingoffset=\dimen151
\Gm@wd@mp=\dimen152
\Gm@odd@mp=\dimen153
\Gm@even@mp=\dimen154
\Gm@layoutwidth=\dimen155
\Gm@layoutheight=\dimen156
\Gm@layouthoffset=\dimen157
\Gm@layoutvoffset=\dimen158
\Gm@dimlist=\toks27

(C:\Users\CAU Student\AppData\Local\Programs\MiKTeX\tex/latex/geometry\geometry
.cfg))
(C:\Users\CAU Student\AppData\Local\Programs\MiKTeX\tex/latex/fancyvrb\fancyvrb
.sty
Package: fancyvrb 2023/01/19 4.5a verbatim text (tvz,hv)
\FV@CodeLineNo=\count277
\FV@InFile=\read2
\FV@TabBox=\box54
\c@FancyVerbLine=\count278
\FV@StepNumber=\count279
\FV@OutFile=\write3
)
(C:\Users\CAU Student\AppData\Local\Programs\MiKTeX\tex/latex/framed\framed.sty
Package: framed 2011/10/22 v 0.96: framed or shaded text with page breaks
\OuterFrameSep=\skip54
\fb@frw=\dimen159
\fb@frh=\dimen160
\FrameRule=\dimen161
\FrameSep=\dimen162
)
(C:\Users\CAU Student\AppData\Local\Programs\MiKTeX\tex/latex/graphics\graphicx
.sty
Package: graphicx 2021/09/16 v1.2d Enhanced LaTeX Graphics (DPC,SPQR)

(C:\Users\CAU Student\AppData\Local\Programs\MiKTeX\tex/latex/graphics\graphics
.sty
Package: graphics 2022/03/10 v1.4e Standard LaTeX Graphics (DPC,SPQR)

(C:\Users\CAU Student\AppData\Local\Programs\MiKTeX\tex/latex/graphics\trig.sty
Package: trig 2021/08/11 v1.11 sin cos tan (DPC)
)
(C:\Users\CAU Student\AppData\Local\Programs\MiKTeX\tex/latex/graphics-cfg\grap
hics.cfg
File: graphics.cfg 2016/06/04 v1.11 sample graphics configuration
)
Package graphics Info: Driver file: pdftex.def on input line 107.
)
\Gin@req@height=\dimen163
\Gin@req@width=\dimen164
)
(C:\Users\CAU Student\AppData\Local\Programs\MiKTeX\tex/latex/booktabs\booktabs
.sty
Package: booktabs 2020/01/12 v1.61803398 Publication quality tables
\heavyrulewidth=\dimen165
\lightrulewidth=\dimen166
\cmidrulewidth=\dimen167
\belowrulesep=\dimen168
\belowbottomsep=\dimen169
\aboverulesep=\dimen170
\abovetopsep=\dimen171
\cmidrulesep=\dimen172
\cmidrulekern=\dimen173
\defaultaddspace=\dimen174
\@cmidla=\count280
\@cmidlb=\count281
\@aboverulesep=\dimen175
\@belowrulesep=\dimen176
\@thisruleclass=\count282
\@lastruleclass=\count283
\@thisrulewidth=\dimen177
)
(C:\Users\CAU Student\AppData\Local\Programs\MiKTeX\tex/latex/tools\longtable.s
ty
Package: longtable 2021-09-01 v4.17 Multi-page Table package (DPC)
\LTleft=\skip55
\LTright=\skip56
\LTpre=\skip57
\LTpost=\skip58
\LTchunksize=\count284
\LTcapwidth=\dimen178
\LT@head=\box55
\LT@firsthead=\box56
\LT@foot=\box57
\LT@lastfoot=\box58
\LT@gbox=\box59
\LT@cols=\count285
\LT@rows=\count286
\c@LT@tables=\count287
\c@LT@chunks=\count288
\LT@p@ftn=\toks28
) (C:\Users\CAU Student\AppData\Local\Programs\MiKTeX\tex/latex/tools\array.sty
Package: array 2022/09/04 v2.5g Tabular extension package (FMi)
\col@sep=\dimen179
\ar@mcellbox=\box60
\extrarowheight=\dimen180
\NC@list=\toks29
\extratabsurround=\skip59
\backup@length=\skip60
\ar@cellbox=\box61
)
(C:\Users\CAU Student\AppData\Local\Programs\MiKTeX\tex/latex/multirow\multirow
.sty
Package: multirow 2021/03/15 v2.8 Span multiple rows of a table
\multirow@colwidth=\skip61
\multirow@cntb=\count289
\multirow@dima=\skip62
\bigstrutjot=\dimen181
)
(C:\Users\CAU Student\AppData\Local\Programs\MiKTeX\tex/latex/wrapfig\wrapfig.s
ty
\wrapoverhang=\dimen182
\WF@size=\dimen183
\c@WF@wrappedlines=\count290
\WF@box=\box62
\WF@everypar=\toks30
Package: wrapfig 2003/01/31  v 3.6
) (C:\Users\CAU Student\AppData\Local\Programs\MiKTeX\tex/latex/float\float.sty
Package: float 2001/11/08 v1.3d Float enhancements (AL)
\c@float@type=\count291
\float@exts=\toks31
\float@box=\box63
\@float@everytoks=\toks32
\@floatcapt=\box64
)
(C:\Users\CAU Student\AppData\Local\Programs\MiKTeX\tex/latex/colortbl\colortbl
.sty
Package: colortbl 2022/06/20 v1.0f Color table columns (DPC)
\everycr=\toks33
\minrowclearance=\skip63
\rownum=\count292
)
(C:\Users\CAU Student\AppData\Local\Programs\MiKTeX\tex/latex/pdflscape\pdflsca
pe.sty
Package: pdflscape 2022-10-27 v0.13 Display of landscape pages in PDF

(C:\Users\CAU Student\AppData\Local\Programs\MiKTeX\tex/latex/pdflscape\pdflsca
pe-nometadata.sty
Package: pdflscape-nometadata 2022-10-28 v0.13 Display of landscape pages in PD
F (HO)

(C:\Users\CAU Student\AppData\Local\Programs\MiKTeX\tex/latex/graphics\lscape.s
ty
Package: lscape 2020/05/28 v3.02 Landscape Pages (DPC)
)
Package pdflscape Info: Auto-detected driver: pdftex on input line 81.
)) (C:\Users\CAU Student\AppData\Local\Programs\MiKTeX\tex/latex/tabu\tabu.sty
Package: tabu 2019/01/11 v2.9 - flexible LaTeX tabulars (FC+tabu-fixed)

(C:\Users\CAU Student\AppData\Local\Programs\MiKTeX\tex/latex/varwidth\varwidth
.sty
Package: varwidth 2009/03/30 ver 0.92;  Variable-width minipages
\@vwid@box=\box65
\sift@deathcycles=\count293
\@vwid@loff=\dimen184
\@vwid@roff=\dimen185
)
\c@taburow=\count294
\tabu@nbcols=\count295
\tabu@cnt=\count296
\tabu@Xcol=\count297
\tabu@alloc=\count298
\tabu@nested=\count299
\tabu@target=\dimen186
\tabu@spreadtarget=\dimen187
\tabu@naturalX=\dimen188
\tabucolX=\dimen189
\tabu@Xsum=\dimen190
\extrarowdepth=\dimen191
\abovetabulinesep=\dimen192
\belowtabulinesep=\dimen193
\tabustrutrule=\dimen194
\tabu@thebody=\toks34
\tabu@footnotes=\toks35
\tabu@box=\box66
\tabu@arstrutbox=\box67
\tabu@hleads=\box68
\tabu@vleads=\box69
\tabu@cellskip=\skip64
)
(C:\Users\CAU Student\AppData\Local\Programs\MiKTeX\tex/latex/threeparttable\th
reeparttable.sty
Package: threeparttable 2003/06/13  v 3.0
\@tempboxb=\box70
)
(C:\Users\CAU Student\AppData\Local\Programs\MiKTeX\tex/latex/threeparttablex\t
hreeparttablex.sty
Package: threeparttablex 2013/07/23 v0.3 by daleif

(C:\Users\CAU Student\AppData\Local\Programs\MiKTeX\tex/latex/environ\environ.s
ty
Package: environ 2014/05/04 v0.3 A new way to define environments

(C:\Users\CAU Student\AppData\Local\Programs\MiKTeX\tex/latex/trimspaces\trimsp
aces.sty
Package: trimspaces 2009/09/17 v1.1 Trim spaces around a token list
))
\TPTL@width=\skip65
) (C:\Users\CAU Student\AppData\Local\Programs\MiKTeX\tex/latex/ulem\ulem.sty
\UL@box=\box71
\UL@hyphenbox=\box72
\UL@skip=\skip66
\UL@hook=\toks36
\UL@height=\dimen195
\UL@pe=\count300
\UL@pixel=\dimen196
\ULC@box=\box73
Package: ulem 2019/11/18
\ULdepth=\dimen197
)
(C:\Users\CAU Student\AppData\Local\Programs\MiKTeX\tex/latex/makecell\makecell
.sty
Package: makecell 2009/08/03 V0.1e Managing of Tab Column Heads and Cells
\rotheadsize=\dimen198
\c@nlinenum=\count301
\TeXr@lab=\toks37
)
(C:\Users\CAU Student\AppData\Local\Programs\MiKTeX\tex/latex/bookmark\bookmark
.sty
Package: bookmark 2020-11-06 v1.29 PDF bookmarks (HO)

(C:\Users\CAU Student\AppData\Local\Programs\MiKTeX\tex/latex/hyperref\hyperref
.sty
Package: hyperref 2023-07-08 v7.01b Hypertext links for LaTeX

(C:\Users\CAU Student\AppData\Local\Programs\MiKTeX\tex/generic/pdftexcmds\pdft
excmds.sty
Package: pdftexcmds 2020-06-27 v0.33 Utility functions of pdfTeX for LuaTeX (HO
)

(C:\Users\CAU Student\AppData\Local\Programs\MiKTeX\tex/generic/infwarerr\infwa
rerr.sty
Package: infwarerr 2019/12/03 v1.5 Providing info/warning/error messages (HO)
)
Package pdftexcmds Info: \pdf@primitive is available.
Package pdftexcmds Info: \pdf@ifprimitive is available.
Package pdftexcmds Info: \pdfdraftmode found.
)
(C:\Users\CAU Student\AppData\Local\Programs\MiKTeX\tex/generic/kvdefinekeys\kv
definekeys.sty
Package: kvdefinekeys 2019-12-19 v1.6 Define keys (HO)
)
(C:\Users\CAU Student\AppData\Local\Programs\MiKTeX\tex/generic/pdfescape\pdfes
cape.sty
Package: pdfescape 2019/12/09 v1.15 Implements pdfTeX's escape features (HO)
)
(C:\Users\CAU Student\AppData\Local\Programs\MiKTeX\tex/latex/hycolor\hycolor.s
ty
Package: hycolor 2020-01-27 v1.10 Color options for hyperref/bookmark (HO)
)
(C:\Users\CAU Student\AppData\Local\Programs\MiKTeX\tex/latex/letltxmacro\letlt
xmacro.sty
Package: letltxmacro 2019/12/03 v1.6 Let assignment for LaTeX macros (HO)
)
(C:\Users\CAU Student\AppData\Local\Programs\MiKTeX\tex/latex/auxhook\auxhook.s
ty
Package: auxhook 2019-12-17 v1.6 Hooks for auxiliary files (HO)
)
(C:\Users\CAU Student\AppData\Local\Programs\MiKTeX\tex/latex/hyperref\nameref.
sty
Package: nameref 2023-08-07 v2.53 Cross-referencing by name of section

(C:\Users\CAU Student\AppData\Local\Programs\MiKTeX\tex/latex/refcount\refcount
.sty
Package: refcount 2019/12/15 v3.6 Data extraction from label references (HO)
)
(C:\Users\CAU Student\AppData\Local\Programs\MiKTeX\tex/generic/gettitlestring\
gettitlestring.sty
Package: gettitlestring 2019/12/15 v1.6 Cleanup title references (HO)
)
\c@section@level=\count302
)
\@linkdim=\dimen199
\Hy@linkcounter=\count303
\Hy@pagecounter=\count304

(C:\Users\CAU Student\AppData\Local\Programs\MiKTeX\tex/latex/hyperref\pd1enc.d
ef
File: pd1enc.def 2023-07-08 v7.01b Hyperref: PDFDocEncoding definition (HO)
Now handling font encoding PD1 ...
... no UTF-8 mapping file for font encoding PD1
)
(C:\Users\CAU Student\AppData\Local\Programs\MiKTeX\tex/generic/intcalc\intcalc
.sty
Package: intcalc 2019/12/15 v1.3 Expandable calculations with integers (HO)
)
\Hy@SavedSpaceFactor=\count305

(C:\Users\CAU Student\AppData\Local\Programs\MiKTeX\tex/latex/hyperref\puenc.de
f
File: puenc.def 2023-07-08 v7.01b Hyperref: PDF Unicode definition (HO)
Now handling font encoding PU ...
... no UTF-8 mapping file for font encoding PU
)
Package hyperref Info: Option `unicode' set `true' on input line 4050.
Package hyperref Info: Hyper figures OFF on input line 4167.
Package hyperref Info: Link nesting OFF on input line 4172.
Package hyperref Info: Hyper index ON on input line 4175.
Package hyperref Info: Plain pages OFF on input line 4182.
Package hyperref Info: Backreferencing OFF on input line 4187.
Package hyperref Info: Implicit mode ON; LaTeX internals redefined.
Package hyperref Info: Bookmarks ON on input line 4434.
\c@Hy@tempcnt=\count306
(C:\Users\CAU Student\AppData\Local\Programs\MiKTeX\tex/latex/url\url.sty
\Urlmuskip=\muskip17
Package: url 2013/09/16  ver 3.4  Verb mode for urls, etc.
)
LaTeX Info: Redefining \url on input line 4772.
\XeTeXLinkMargin=\dimen256

(C:\Users\CAU Student\AppData\Local\Programs\MiKTeX\tex/generic/bitset\bitset.s
ty
Package: bitset 2019/12/09 v1.3 Handle bit-vector datatype (HO)

(C:\Users\CAU Student\AppData\Local\Programs\MiKTeX\tex/generic/bigintcalc\bigi
ntcalc.sty
Package: bigintcalc 2019/12/15 v1.5 Expandable calculations on big integers (HO
)
))
\Fld@menulength=\count307
\Field@Width=\dimen257
\Fld@charsize=\dimen258
Package hyperref Info: Hyper figures OFF on input line 6051.
Package hyperref Info: Link nesting OFF on input line 6056.
Package hyperref Info: Hyper index ON on input line 6059.
Package hyperref Info: backreferencing OFF on input line 6066.
Package hyperref Info: Link coloring OFF on input line 6071.
Package hyperref Info: Link coloring with OCG OFF on input line 6076.
Package hyperref Info: PDF/A mode OFF on input line 6081.

(C:\Users\CAU Student\AppData\Local\Programs\MiKTeX\tex/latex/base\atbegshi-ltx
.sty
Package: atbegshi-ltx 2021/01/10 v1.0c Emulation of the original atbegshi
package with kernel methods
)
\Hy@abspage=\count308
\c@Item=\count309
\c@Hfootnote=\count310
)
Package hyperref Info: Driver (autodetected): hpdftex.

(C:\Users\CAU Student\AppData\Local\Programs\MiKTeX\tex/latex/hyperref\hpdftex.
def
File: hpdftex.def 2023-07-08 v7.01b Hyperref driver for pdfTeX

(C:\Users\CAU Student\AppData\Local\Programs\MiKTeX\tex/latex/base\atveryend-lt
x.sty
Package: atveryend-ltx 2020/08/19 v1.0a Emulation of the original atveryend pac
kage
with kernel methods
)
\Fld@listcount=\count311
\c@bookmark@seq@number=\count312

(C:\Users\CAU Student\AppData\Local\Programs\MiKTeX\tex/latex/rerunfilecheck\re
runfilecheck.sty
Package: rerunfilecheck 2022-07-10 v1.10 Rerun checks for auxiliary files (HO)

(C:\Users\CAU Student\AppData\Local\Programs\MiKTeX\tex/generic/uniquecounter\u
niquecounter.sty
Package: uniquecounter 2019/12/15 v1.4 Provide unlimited unique counter (HO)
)
Package uniquecounter Info: New unique counter `rerunfilecheck' on input line 2
85.
)
\Hy@SectionHShift=\skip67
)
(C:\Users\CAU Student\AppData\Local\Programs\MiKTeX\tex/latex/bookmark\bkm-pdft
ex.def
File: bkm-pdftex.def 2020-11-06 v1.29 bookmark driver for pdfTeX (HO)
\BKM@id=\count313
)) (C:\Users\CAU Student\AppData\Local\Programs\MiKTeX\tex/latex/xurl\xurl.sty
Package: xurl 2022/01/09 v 0.10 modify URL breaks
)
LaTeX Font Info:    Trying to load font information for T1+lmr on input line 12
9.
(C:\Users\CAU Student\AppData\Local\Programs\MiKTeX\tex/latex/lm\t1lmr.fd
File: t1lmr.fd 2015/05/01 v1.6.1 Font defs for Latin Modern
)
(C:\Users\CAU Student\AppData\Local\Programs\MiKTeX\tex/latex/l3backend\l3backe
nd-pdftex.def
File: l3backend-pdftex.def 2023-04-19 L3 backend support: PDF output (pdfTeX)
\l__color_backend_stack_int=\count314
\l__pdf_internal_box=\box74
) (Project3.aux

LaTeX Warning: Label `tab:unnamed-chunk-10' multiply defined.


LaTeX Warning: Label `tab:unnamed-chunk-10' multiply defined.


LaTeX Warning: Label `tab:unnamed-chunk-10' multiply defined.


LaTeX Warning: Label `tab:unnamed-chunk-10' multiply defined.


LaTeX Warning: Label `tab:unnamed-chunk-10' multiply defined.


LaTeX Warning: Label `tab:unnamed-chunk-10' multiply defined.


LaTeX Warning: Label `tab:unnamed-chunk-10' multiply defined.


LaTeX Warning: Label `tab:unnamed-chunk-10' multiply defined.

)
\openout1 = `Project3.aux'.

LaTeX Font Info:    Checking defaults for OML/cmm/m/it on input line 129.
LaTeX Font Info:    ... okay on input line 129.
LaTeX Font Info:    Checking defaults for OMS/cmsy/m/n on input line 129.
LaTeX Font Info:    ... okay on input line 129.
LaTeX Font Info:    Checking defaults for OT1/cmr/m/n on input line 129.
LaTeX Font Info:    ... okay on input line 129.
LaTeX Font Info:    Checking defaults for T1/cmr/m/n on input line 129.
LaTeX Font Info:    ... okay on input line 129.
LaTeX Font Info:    Checking defaults for TS1/cmr/m/n on input line 129.
LaTeX Font Info:    ... okay on input line 129.
LaTeX Font Info:    Checking defaults for OMX/cmex/m/n on input line 129.
LaTeX Font Info:    ... okay on input line 129.
LaTeX Font Info:    Checking defaults for U/cmr/m/n on input line 129.
LaTeX Font Info:    ... okay on input line 129.
LaTeX Font Info:    Checking defaults for PD1/pdf/m/n on input line 129.
LaTeX Font Info:    ... okay on input line 129.
LaTeX Font Info:    Checking defaults for PU/pdf/m/n on input line 129.
LaTeX Font Info:    ... okay on input line 129.
LaTeX Info: Redefining \microtypecontext on input line 129.
Package microtype Info: Applying patch `item' on input line 129.
Package microtype Info: Applying patch `toc' on input line 129.
Package microtype Info: Applying patch `eqnum' on input line 129.
Package microtype Info: Applying patch `footnote' on input line 129.
Package microtype Info: Applying patch `verbatim' on input line 129.
Package microtype Info: Generating PDF output.
Package microtype Info: Character protrusion enabled (level 2).
Package microtype Info: Using protrusion set `basicmath'.
Package microtype Info: Automatic font expansion enabled (level 2),
(microtype)             stretch: 20, shrink: 20, step: 1, non-selected.
Package microtype Info: Using default expansion set `alltext-nott'.
LaTeX Info: Redefining \showhyphens on input line 129.
Package microtype Info: No adjustment of tracking.
Package microtype Info: No adjustment of interword spacing.
Package microtype Info: No adjustment of character kerning.

(C:\Users\CAU Student\AppData\Local\Programs\MiKTeX\tex/latex/microtype\mt-cmr.
cfg
File: mt-cmr.cfg 2013/05/19 v2.2 microtype config. file: Computer Modern Roman 
(RS)
)
(C:\Users\CAU Student\AppData\Local\Programs\MiKTeX\tex/context/base/mkii\supp-
pdf.mkii
[Loading MPS to PDF converter (version 2006.09.02).]
\scratchcounter=\count315
\scratchdimen=\dimen259
\scratchbox=\box75
\nofMPsegments=\count316
\nofMParguments=\count317
\everyMPshowfont=\toks38
\MPscratchCnt=\count318
\MPscratchDim=\dimen260
\MPnumerator=\count319
\makeMPintoPDFobject=\count320
\everyMPtoPDFconversion=\toks39
)
(C:\Users\CAU Student\AppData\Local\Programs\MiKTeX\tex/latex/epstopdf-pkg\epst
opdf-base.sty
Package: epstopdf-base 2020-01-24 v2.11 Base part for package epstopdf
Package epstopdf-base Info: Redefining graphics rule for `.eps' on input line 4
85.

(C:\Users\CAU Student\AppData\Local\Programs\MiKTeX\tex/latex/00miktex\epstopdf
-sys.cfg
File: epstopdf-sys.cfg 2021/03/18 v2.0 Configuration of epstopdf for MiKTeX
))
*geometry* driver: auto-detecting
*geometry* detected driver: pdftex
*geometry* verbose mode - [ preamble ] result:
* driver: pdftex
* paper: <default>
* layout: <same size as paper>
* layoutoffset:(h,v)=(0.0pt,0.0pt)
* modes: 
* h-part:(L,W,R)=(72.26999pt, 469.75502pt, 72.26999pt)
* v-part:(T,H,B)=(72.26999pt, 650.43001pt, 72.26999pt)
* \paperwidth=614.295pt
* \paperheight=794.96999pt
* \textwidth=469.75502pt
* \textheight=650.43001pt
* \oddsidemargin=0.0pt
* \evensidemargin=0.0pt
* \topmargin=-37.0pt
* \headheight=12.0pt
* \headsep=25.0pt
* \topskip=10.0pt
* \footskip=30.0pt
* \marginparwidth=65.0pt
* \marginparsep=11.0pt
* \columnsep=10.0pt
* \skip\footins=9.0pt plus 4.0pt minus 2.0pt
* \hoffset=0.0pt
* \voffset=0.0pt
* \mag=1000
* \@twocolumnfalse
* \@twosidefalse
* \@mparswitchfalse
* \@reversemarginfalse
* (1in=72.27pt=25.4mm, 1cm=28.453pt)

Package hyperref Info: Link coloring OFF on input line 129.
LaTeX Font Info:    Trying to load font information for OT1+lmr on input line 1
31.
(C:\Users\CAU Student\AppData\Local\Programs\MiKTeX\tex/latex/lm\ot1lmr.fd
File: ot1lmr.fd 2015/05/01 v1.6.1 Font defs for Latin Modern
)
LaTeX Font Info:    Trying to load font information for OML+lmm on input line 1
31.
(C:\Users\CAU Student\AppData\Local\Programs\MiKTeX\tex/latex/lm\omllmm.fd
File: omllmm.fd 2015/05/01 v1.6.1 Font defs for Latin Modern
)
LaTeX Font Info:    Trying to load font information for OMS+lmsy on input line 
131.
(C:\Users\CAU Student\AppData\Local\Programs\MiKTeX\tex/latex/lm\omslmsy.fd
File: omslmsy.fd 2015/05/01 v1.6.1 Font defs for Latin Modern
)
LaTeX Font Info:    Trying to load font information for OMX+lmex on input line 
131.
(C:\Users\CAU Student\AppData\Local\Programs\MiKTeX\tex/latex/lm\omxlmex.fd
File: omxlmex.fd 2015/05/01 v1.6.1 Font defs for Latin Modern
)
LaTeX Font Info:    External font `lmex10' loaded for size
(Font)              <12> on input line 131.
LaTeX Font Info:    External font `lmex10' loaded for size
(Font)              <8> on input line 131.
LaTeX Font Info:    External font `lmex10' loaded for size
(Font)              <6> on input line 131.
LaTeX Font Info:    Trying to load font information for U+msa on input line 131
.
(C:\Users\CAU Student\AppData\Local\Programs\MiKTeX\tex/latex/amsfonts\umsa.fd
File: umsa.fd 2013/01/14 v3.01 AMS symbols A
)
(C:\Users\CAU Student\AppData\Local\Programs\MiKTeX\tex/latex/microtype\mt-msa.
cfg
File: mt-msa.cfg 2006/02/04 v1.1 microtype config. file: AMS symbols (a) (RS)
)
LaTeX Font Info:    Trying to load font information for U+msb on input line 131
.
(C:\Users\CAU Student\AppData\Local\Programs\MiKTeX\tex/latex/amsfonts\umsb.fd
File: umsb.fd 2013/01/14 v3.01 AMS symbols B
)
(C:\Users\CAU Student\AppData\Local\Programs\MiKTeX\tex/latex/microtype\mt-msb.
cfg
File: mt-msb.cfg 2005/06/01 v1.0 microtype config. file: AMS symbols (b) (RS)
) [1

{C:/Users/CAU Student/AppData/Local/MiKTeX/fonts/map/pdftex/pdftex.map}]
LaTeX Font Info:    Trying to load font information for T1+lmtt on input line 2
46.
(C:\Users\CAU Student\AppData\Local\Programs\MiKTeX\tex/latex/lm\t1lmtt.fd
File: t1lmtt.fd 2015/05/01 v1.6.1 Font defs for Latin Modern
) [2]
<Project3_files/figure-latex/unnamed-chunk-3-1.pdf, id=24, 469.755pt x 325.215p
t>
File: Project3_files/figure-latex/unnamed-chunk-3-1.pdf Graphic file (type pdf)

<use Project3_files/figure-latex/unnamed-chunk-3-1.pdf>
Package pdftex.def Info: Project3_files/figure-latex/unnamed-chunk-3-1.pdf  use
d on input line 288.
(pdftex.def)             Requested size: 469.75386pt x 325.2142pt.
[3 <./Project3_files/figure-latex/unnamed-chunk-3-1.pdf>]
LaTeX Font Info:    External font `lmex10' loaded for size
(Font)              <10> on input line 330.
LaTeX Font Info:    External font `lmex10' loaded for size
(Font)              <7> on input line 330.
LaTeX Font Info:    External font `lmex10' loaded for size
(Font)              <5> on input line 330.
<images/Screenshot (46).png, id=36, 507.39563pt x 117.43875pt>
File: images/Screenshot (46).png Graphic file (type png)
<use images/Screenshot (46).png>
Package pdftex.def Info: images/Screenshot (46).png  used on input line 407.
(pdftex.def)             Requested size: 469.76718pt x 108.72948pt.
[4] [5 <./images/Screenshot (46).png>] [6]
<Project3_files/figure-latex/unnamed-chunk-10-1.pdf, id=64, 469.755pt x 325.215
pt>
File: Project3_files/figure-latex/unnamed-chunk-10-1.pdf Graphic file (type pdf
)
<use Project3_files/figure-latex/unnamed-chunk-10-1.pdf>
Package pdftex.def Info: Project3_files/figure-latex/unnamed-chunk-10-1.pdf  us
ed on input line 641.
(pdftex.def)             Requested size: 469.75386pt x 325.2142pt.
<Project3_files/figure-latex/unnamed-chunk-10-2.pdf, id=65, 469.755pt x 325.215
pt>
File: Project3_files/figure-latex/unnamed-chunk-10-2.pdf Graphic file (type pdf
)
<use Project3_files/figure-latex/unnamed-chunk-10-2.pdf>
Package pdftex.def Info: Project3_files/figure-latex/unnamed-chunk-10-2.pdf  us
ed on input line 642.
(pdftex.def)             Requested size: 469.75386pt x 325.2142pt.

Underfull \hbox (badness 10000) in paragraph at lines 641--648
[][]
 []


Underfull \hbox (badness 10000) in paragraph at lines 641--648
[]
 []

[7 <./Project3_files/figure-latex/unnamed-chunk-10-1.pdf>] [8] [9 <./Project3_f
iles/figure-latex/unnamed-chunk-10-2.pdf>]
<Project3_files/figure-latex/unnamed-chunk-11-1.pdf, id=104, 469.755pt x 325.21
5pt>
File: Project3_files/figure-latex/unnamed-chunk-11-1.pdf Graphic file (type pdf
)
<use Project3_files/figure-latex/unnamed-chunk-11-1.pdf>
Package pdftex.def Info: Project3_files/figure-latex/unnamed-chunk-11-1.pdf  us
ed on input line 685.
(pdftex.def)             Requested size: 469.75386pt x 325.2142pt.
<Project3_files/figure-latex/unnamed-chunk-12-1.pdf, id=105, 469.755pt x 325.21
5pt>
File: Project3_files/figure-latex/unnamed-chunk-12-1.pdf Graphic file (type pdf
)
<use Project3_files/figure-latex/unnamed-chunk-12-1.pdf>
Package pdftex.def Info: Project3_files/figure-latex/unnamed-chunk-12-1.pdf  us
ed on input line 690.
(pdftex.def)             Requested size: 469.75386pt x 325.2142pt.
<Project3_files/figure-latex/unnamed-chunk-13-1.pdf, id=106, 469.755pt x 325.21
5pt>
File: Project3_files/figure-latex/unnamed-chunk-13-1.pdf Graphic file (type pdf
)
<use Project3_files/figure-latex/unnamed-chunk-13-1.pdf>
Package pdftex.def Info: Project3_files/figure-latex/unnamed-chunk-13-1.pdf  us
ed on input line 691.
(pdftex.def)             Requested size: 469.75386pt x 325.2142pt.

Underfull \hbox (badness 10000) in paragraph at lines 690--692
[]
 []

[10 <./Project3_files/figure-latex/unnamed-chunk-11-1.pdf>]
Overfull \vbox (18.45663pt too high) has occurred while \output is active []

[11 <./Project3_files/figure-latex/unnamed-chunk-12-1.pdf> <./Project3_files/fi
gure-latex/unnamed-chunk-13-1.pdf>]
<Project3_files/figure-latex/unnamed-chunk-14-1.pdf, id=135, 469.755pt x 325.21
5pt>
File: Project3_files/figure-latex/unnamed-chunk-14-1.pdf Graphic file (type pdf
)
<use Project3_files/figure-latex/unnamed-chunk-14-1.pdf>
Package pdftex.def Info: Project3_files/figure-latex/unnamed-chunk-14-1.pdf  us
ed on input line 693.
(pdftex.def)             Requested size: 469.75386pt x 325.2142pt.
[12 <./Project3_files/figure-latex/unnamed-chunk-14-1.pdf>] [13] [14]
LaTeX Font Info:    Font shape `T1/lmtt/bx/n' in size <10> not available
(Font)              Font shape `T1/lmtt/b/n' tried instead on input line 844.
LaTeX Font Info:    Trying to load font information for TS1+lmtt on input line 
987.
(C:\Users\CAU Student\AppData\Local\Programs\MiKTeX\tex/latex/lm\ts1lmtt.fd
File: ts1lmtt.fd 2015/05/01 v1.6.1 Font defs for Latin Modern
)
Underfull \vbox (badness 4341) detected at line 1683
 []

[15]
Underfull \vbox (badness 10000) detected at line 1683
 []


Underfull \vbox (badness 10000) detected at line 1683
 []

[16]
Underfull \vbox (badness 10000) detected at line 1683
 []


Underfull \vbox (badness 10000) detected at line 1683
 []

[17]
Underfull \vbox (badness 10000) detected at line 1683
 []


Underfull \vbox (badness 10000) detected at line 1683
 []

[18]
Underfull \vbox (badness 10000) detected at line 1683
 []


Underfull \vbox (badness 10000) detected at line 1683
 []

[19]
Underfull \vbox (badness 10000) detected at line 1683
 []


Underfull \vbox (badness 10000) detected at line 1683
 []

[20]
Underfull \vbox (badness 10000) detected at line 1683
 []


Underfull \vbox (badness 10000) detected at line 1683
 []

[21]
Underfull \vbox (badness 10000) detected at line 1683
 []


Underfull \vbox (badness 10000) detected at line 1683
 []

[22]
Underfull \vbox (badness 10000) detected at line 1683
 []


Underfull \vbox (badness 10000) detected at line 1683
 []

[23]
Underfull \vbox (badness 10000) detected at line 1683
 []


Underfull \vbox (badness 10000) detected at line 1683
 []

[24]
Underfull \vbox (badness 10000) detected at line 1683
 []


Underfull \vbox (badness 10000) detected at line 1683
 []

[25]
Underfull \vbox (badness 10000) detected at line 1683
 []


Underfull \vbox (badness 10000) detected at line 1683
 []

[26]
Underfull \vbox (badness 10000) detected at line 1683
 []


Underfull \vbox (badness 10000) detected at line 1683
 []

[27]
Underfull \vbox (badness 10000) detected at line 1683
 []


Underfull \vbox (badness 10000) detected at line 1683
 []

[28]
Underfull \vbox (badness 10000) detected at line 1683
 []


Underfull \vbox (badness 10000) detected at line 1683
 []

[29] [30] (Project3.aux)
 ***********
LaTeX2e <2023-06-01> patch level 1
L3 programming layer <2023-08-29>
 ***********

LaTeX Warning: There were multiply-defined labels.

 ) 
Here is how much of TeX's memory you used:
 15739 strings out of 475246
 252035 string characters out of 5754924
 2005785 words of memory out of 5000000
 36780 multiletter control sequences out of 15000+600000
 610733 words of font info for 143 fonts, out of 8000000 for 9000
 1141 hyphenation exceptions out of 8191
 77i,13n,81p,1007b,620s stack positions out of 10000i,1000n,20000p,200000b,200000s
{C:/Users/CAU Student/AppData/Local/Programs/MiKTeX/fonts/enc/dvips/lm/lm-ts1
.enc}{C:/Users/CAU Student/AppData/Local/Programs/MiKTeX/fonts/enc/dvips/lm/lm-
ec.enc}{C:/Users/CAU Student/AppData/Local/Programs/MiKTeX/fonts/enc/dvips/lm/l
m-rm.enc}{C:/Users/CAU Student/AppData/Local/Programs/MiKTeX/fonts/enc/dvips/lm
/lm-mathsy.enc}{C:/Users/CAU Student/AppData/Local/Programs/MiKTeX/fonts/enc/dv
ips/lm/lm-mathit.enc}<C:/Users/CAU Student/AppData/Local/Programs/MiKTeX/fonts/
type1/public/lm/lmbx10.pfb><C:/Users/CAU Student/AppData/Local/Programs/MiKTeX/
fonts/type1/public/lm/lmbx12.pfb><C:/Users/CAU Student/AppData/Local/Programs/M
iKTeX/fonts/type1/public/lm/lmmi10.pfb><C:/Users/CAU Student/AppData/Local/Prog
rams/MiKTeX/fonts/type1/public/lm/lmr10.pfb><C:/Users/CAU Student/AppData/Local
/Programs/MiKTeX/fonts/type1/public/lm/lmr12.pfb><C:/Users/CAU Student/AppData/
Local/Programs/MiKTeX/fonts/type1/public/lm/lmr17.pfb><C:/Users/CAU Student/App
Data/Local/Programs/MiKTeX/fonts/type1/public/lm/lmsy10.pfb><C:/Users/CAU Stude
nt/AppData/Local/Programs/MiKTeX/fonts/type1/public/lm/lmtk10.pfb><C:/Users/CAU
 Student/AppData/Local/Programs/MiKTeX/fonts/type1/public/lm/lmtt10.pfb><C:/Use
rs/CAU Student/AppData/Local/Programs/MiKTeX/fonts/type1/public/lm/lmtti10.pfb>
Output written on Project3.pdf (30 pages, 419900 bytes).
PDF statistics:
 347 PDF objects out of 1000 (max. 8388607)
 72 named destinations out of 1000 (max. 500000)
 26777 words of extra memory for PDF output out of 29859 (max. 10000000)

